Case #1:
3
1 2
Case #2:
7048
266 2328 4454
Case #3:
51954
4011 1597 2073 4788 3234 3416 4869 617 2082 1602 1018 1291 4922 4027 736 2961 4019 3093 1598
Case #4:
91432 72193
1361 33447 35627 565 39572 53053
Case #5:
10917 78744
12195 49271 28195
Case #6:
84583 52098
22485 49873 6589 43568 14166
Case #7:
52620
610 2720 3216 4826 3998 4060 4684 4102 3694 3360 3038 1950 2410 1108 1442 3346 1130 2926
Case #8:
4962
3062 1492 408
Case #9:
58292 77751
55409 44556 36078
Case #10:
58652 95990
85955 5183 37350 26154
